C51 COMPILER V9.55   LCD                                                                   05/04/2016 11:48:39 PAGE 1   


C51 COMPILER V9.55, COMPILATION OF MODULE LCD
OBJECT MODULE PLACED IN .\Objects\lcd.obj
COMPILER INVOKED BY: C:\Keil_v5\C51\BIN\C51.EXE lcd.c OPTIMIZE(8,SPEED) BROWSE DEBUG OBJECTEXTEND PRINT(.\Listings\lcd.l
                    -st) TABS(2) OBJECT(.\Objects\lcd.obj)

line level    source

   1          #include <REG8253.H>                     
   2          #include "delay.h"                          //header file for delay library
   3          
   4          /* access the LCD in data write mode and 
   5          command write mode with RS=1,RW=0 & RS=0,RW=0 respectively */
   6          #define LCD_command_mode(); P3_1=0;P3_2=0;
   7          #define LCD_datawrite_mode(); P3_1=0;P3_2=1; 
   8          
   9          /* defines the dataport and control port(Enable pin) */
  10          #define DATA_PORT P2
  11          #define ENABLE_PIN P3_0
  12          
  13          /* function to write commands to the LCD command register */
  14          void LCD_cmd(unsigned char command)
  15          {
  16   1      LCD_command_mode();                    //access in command mode
  17   1      DATA_PORT=command;                     //command in data port
  18   1        
  19   1      /* LCD enabled with high to low transition in enable  pin
  20   1         latches the command data in to the command register of LCD*/
  21   1      ENABLE_PIN=1;
  22   1      Delay_us(5000); 
  23   1      ENABLE_PIN=0; 
  24   1      }
  25          
  26          /*function to display a single character to the LCD
  27          The character is displayed at the present cursor postion*/
  28          void LCD_write_char(unsigned char character)
  29          {
  30   1        LCD_datawrite_mode();               //access in data write mode
  31   1        DATA_PORT=character;                //data in the data port
  32   1        
  33   1      /* LCD enabled with high to low transition in enable  pin
  34   1         latches the data in to the data register of LCD*/
  35   1        
  36   1        ENABLE_PIN=1;
  37   1        Delay_us(5000); 
  38   1        ENABLE_PIN=0; 
  39   1      }
  40          
  41          /*function to initialise the LCD in 8 bit 
  42          mode with initialisation commands*/
  43          void LCD_init()
  44          {
  45   1       LCD_cmd(0x38);                                  /* LCD command - 5x7 matrix                              
             -   */
  46   1       LCD_cmd(0x83);                                  /* LCD command - Force cursor to the begining of first li
             -ne */
  47   1       LCD_cmd(0x0C);                                  /* LCD command - Display ON, cursor OFF                  
             -   */
  48   1       LCD_cmd(0x01);                                  /* LCD command - Clear display                           
             -   */  
  49   1       Delay_us(10000);
  50   1      }
C51 COMPILER V9.55   LCD                                                                   05/04/2016 11:48:39 PAGE 2   

  51          
  52          /*function to write a string to the LCD
  53             at present cursor location */
  54          void LCD_write_text(unsigned char *ptr)
  55          {
  56   1      while(*ptr)
  57   1      {
  58   2      LCD_write_char(*ptr);
  59   2      ptr++;
  60   2      }
  61   1      }
  62          
  63          /* function to write string at the specified cursor position */
  64          void LCD_write_text_at(unsigned char row,unsigned char column ,char *string)
  65          {
  66   1      if(row&0x01)              //if 1st row or-ing the column position
  67   1      LCD_cmd(0x80|column);
  68   1      else if(row&0x02)        // if  2nd row or-ing the column position
  69   1      LCD_cmd(0xC0|column);
  70   1      LCD_write_text(string);   //writes the text
  71   1      }
  72          
  73          void LCD_write_char_at(unsigned char row,unsigned char column,unsigned char character)
  74          {
  75   1      if(row&0x01)                 //if 1st row or-ing the column position
  76   1      LCD_cmd(0x80|column);
  77   1      else if(row&0x02)          // if  2nd row or-ing the column position
  78   1      LCD_cmd(0xC0|column);
  79   1      
  80   1      LCD_write_char(character);   //writes the character
  81   1      }


MODULE INFORMATION:   STATIC OVERLAYABLE
   CODE SIZE        =    176    ----
   CONSTANT SIZE    =   ----    ----
   XDATA SIZE       =   ----    ----
   PDATA SIZE       =   ----    ----
   DATA SIZE        =   ----      11
   IDATA SIZE       =   ----    ----
   BIT SIZE         =   ----    ----
END OF MODULE INFORMATION.


C51 COMPILATION COMPLETE.  0 WARNING(S),  0 ERROR(S)
